
heart_beat_kill_pid = 41395
heart_beat_timeout = 11
heart: Sat Nov 15 14:35:06 2014: heart-beat time-out, no activity for 91 seconds
/usr/local/Cellar/couchdb/1.6.0/bin/couchdb: line 343: echo: write error: Broken pipe
heart: Sat Nov 15 14:35:07 2014: Executed "/usr/local/Cellar/couchdb/1.6.0/bin/couchdb -k" -> 256. Terminating.

heart_beat_kill_pid = 42075
heart_beat_timeout = 11
heart: Sat Nov 15 18:08:48 2014: heart-beat time-out, no activity for 10802 seconds
/usr/local/Cellar/couchdb/1.6.0/bin/couchdb: line 343: echo: write error: Broken pipe
heart: Sat Nov 15 18:08:49 2014: Executed "/usr/local/Cellar/couchdb/1.6.0/bin/couchdb -k" -> 256. Terminating.

heart_beat_kill_pid = 44979
heart_beat_timeout = 11
heart: Sun Nov 16 15:20:07 2014: heart-beat time-out, no activity for 1816 seconds
/usr/local/Cellar/couchdb/1.6.0/bin/couchdb: line 343: echo: write error: Broken pipe
heart: Sun Nov 16 15:20:08 2014: Executed "/usr/local/Cellar/couchdb/1.6.0/bin/couchdb -k" -> 256. Terminating.

heart_beat_kill_pid = 45389
heart_beat_timeout = 11
heart: Sun Nov 16 21:39:07 2014: Erlang has closed.
/usr/local/Cellar/couchdb/1.6.0/bin/couchdb: line 343: echo: write error: Broken pipe
heart: Sun Nov 16 21:39:07 2014: Executed "/usr/local/Cellar/couchdb/1.6.0/bin/couchdb -k" -> 256. Terminating.

heart_beat_kill_pid = 45561
heart_beat_timeout = 11
heart: Sun Nov 16 21:49:43 2014: Erlang has closed.
/usr/local/Cellar/couchdb/1.6.0/bin/couchdb: line 343: echo: write error: Broken pipe
heart: Sun Nov 16 21:49:43 2014: Executed "/usr/local/Cellar/couchdb/1.6.0/bin/couchdb -k" -> 256. Terminating.

heart_beat_kill_pid = 45660
heart_beat_timeout = 11
heart: Sun Nov 16 21:50:21 2014: Erlang has closed.
/usr/local/Cellar/couchdb/1.6.0/bin/couchdb: line 343: echo: write error: Broken pipe
heart: Sun Nov 16 21:50:21 2014: Executed "/usr/local/Cellar/couchdb/1.6.0/bin/couchdb -k" -> 256. Terminating.

heart_beat_kill_pid = 45728
heart_beat_timeout = 11
heart: Sun Nov 16 21:51:52 2014: Erlang has closed.
/usr/local/Cellar/couchdb/1.6.0/bin/couchdb: line 343: echo: write error: Broken pipe
heart: Sun Nov 16 21:51:52 2014: Executed "/usr/local/Cellar/couchdb/1.6.0/bin/couchdb -k" -> 256. Terminating.

heart_beat_kill_pid = 45798
heart_beat_timeout = 11
heart: Sun Nov 16 22:00:08 2014: Erlang has closed.
/usr/local/Cellar/couchdb/1.6.0/bin/couchdb: line 343: echo: write error: Broken pipe
heart: Sun Nov 16 22:00:08 2014: Executed "/usr/local/Cellar/couchdb/1.6.0/bin/couchdb -k" -> 256. Terminating.

heart_beat_kill_pid = 46010
heart_beat_timeout = 11
heart: Sun Nov 16 22:54:53 2014: heart-beat time-out, no activity for 1578 seconds
/usr/local/Cellar/couchdb/1.6.0/bin/couchdb: line 343: echo: write error: Broken pipe
heart: Sun Nov 16 22:54:54 2014: Executed "/usr/local/Cellar/couchdb/1.6.0/bin/couchdb -k" -> 256. Terminating.

heart_beat_kill_pid = 46185
heart_beat_timeout = 11
heart: Mon Nov 17 08:03:55 2014: heart-beat time-out, no activity for 573 seconds
/usr/local/Cellar/couchdb/1.6.0/bin/couchdb: line 343: echo: write error: Broken pipe
heart: Mon Nov 17 08:03:56 2014: Executed "/usr/local/Cellar/couchdb/1.6.0/bin/couchdb -k" -> 256. Terminating.

heart_beat_kill_pid = 46274
heart_beat_timeout = 11
heart: Mon Nov 17 11:50:58 2014: heart-beat time-out, no activity for 10804 seconds
/usr/local/Cellar/couchdb/1.6.0/bin/couchdb: line 343: echo: write error: Broken pipe
heart: Mon Nov 17 11:50:59 2014: Executed "/usr/local/Cellar/couchdb/1.6.0/bin/couchdb -k" -> 256. Terminating.

heart_beat_kill_pid = 46628
heart_beat_timeout = 11
heart: Mon Nov 17 21:12:59 2014: heart-beat time-out, no activity for 5163 seconds
/usr/local/Cellar/couchdb/1.6.0/bin/couchdb: line 343: echo: write error: Broken pipe
heart: Mon Nov 17 21:13:00 2014: Executed "/usr/local/Cellar/couchdb/1.6.0/bin/couchdb -k" -> 256. Terminating.

heart_beat_kill_pid = 46944
heart_beat_timeout = 11
heart: Tue Nov 18 08:20:29 2014: heart-beat time-out, no activity for 848 seconds
/usr/local/Cellar/couchdb/1.6.0/bin/couchdb: line 343: echo: write error: Broken pipe
heart: Tue Nov 18 08:20:30 2014: Executed "/usr/local/Cellar/couchdb/1.6.0/bin/couchdb -k" -> 256. Terminating.
